<?xml version="1.0" encoding="UTF-8"?>
<!-- Generated by org.testng.reporters.JUnitReportReporter -->
<testsuite hostname="FVFF75WVQ05N" failures="0" tests="1" name="Practice.RedBus" time="26.797" errors="0" timestamp="2023-08-28T18:29:08 IST" skipped="0">
  <testcase classname="Practice.RedBus" name="test1" time="26.797"/>
  <system-out/>
</testsuite> <!-- Practice.RedBus -->
