<?xml version="1.0" encoding="UTF-8"?>
<!-- Generated by org.testng.reporters.JUnitReportReporter -->
<testsuite hostname="FVFF75WVQ05N" failures="0" tests="4" name="Practice.Alert_Handling" time="83.204" errors="0" timestamp="2023-02-23T14:37:09 IST" skipped="0">
  <testcase classname="Practice.Alert_Handling" name="alert_handling_simple" time="69.625"/>
  <system-out/>
  <testcase classname="Practice.Alert_Handling" name="alert_handling_text" time="3.100"/>
  <system-out/>
  <testcase classname="Practice.Alert_Handling" name="alert_handling_with_wait" time="8.358"/>
  <system-out/>
  <testcase classname="Practice.Alert_Handling" name="alert_handling_ok" time="2.121"/>
  <system-out/>
</testsuite> <!-- Practice.Alert_Handling -->
