<?xml version="1.0" encoding="UTF-8"?>
<!-- Generated by org.testng.reporters.JUnitReportReporter -->
<testsuite hostname="FVFF75WVQ05N" failures="0" tests="1" name="Practice.Xpaths_Practice" time="44.235" errors="0" timestamp="2023-08-08T04:42:43 IST" skipped="0">
  <testcase classname="Practice.Xpaths_Practice" name="xpaths" time="44.235"/>
  <system-out/>
</testsuite> <!-- Practice.Xpaths_Practice -->
