<?xml version="1.0" encoding="UTF-8"?>
<!-- Generated by org.testng.reporters.JUnitReportReporter -->
<testsuite hostname="FVFF75WVQ05N" failures="0" tests="2" name="Practice.Vakt" time="1.531" errors="0" timestamp="2023-02-23T16:36:46 IST" skipped="0">
  <testcase classname="Practice.Vakt" name="practice" time="0.267"/>
  <system-out/>
  <testcase classname="Practice.Vakt" name="practice_2" time="1.264"/>
  <system-out/>
</testsuite> <!-- Practice.Vakt -->
