<?xml version="1.0" encoding="UTF-8"?>
<!-- Generated by org.testng.reporters.JUnitReportReporter -->
<testsuite hostname="FVFF75WVQ05N" failures="0" tests="1" name="Practice.Broken_links" time="54.884" errors="0" timestamp="2023-08-28T20:41:54 IST" skipped="0">
  <testcase classname="Practice.Broken_links" name="Test1" time="54.884"/>
  <system-out/>
</testsuite> <!-- Practice.Broken_links -->
