<?xml version="1.0" encoding="UTF-8"?>
<!-- Generated by org.testng.reporters.JUnitReportReporter -->
<testsuite hostname="FVFF75WVQ05N.local" failures="0" tests="1" name="Practice.Sleneium_tests" time="17.437" errors="0" timestamp="2021-07-01T17:31:11 IST" skipped="0">
  <testcase classname="Practice.Sleneium_tests" name="test" time="17.437"/>
  <system-out/>
</testsuite> <!-- Practice.Sleneium_tests -->
