<?xml version="1.0" encoding="UTF-8"?>
<!-- Generated by org.testng.reporters.JUnitReportReporter -->
<testsuite hostname="FVFF75WVQ05N" failures="0" tests="1" name="dataStructures.Interview" time="36.807" errors="0" timestamp="2023-08-18T08:59:24 IST" skipped="0">
  <testcase classname="dataStructures.Interview" name="setup" time="36.807"/>
  <system-out/>
</testsuite> <!-- dataStructures.Interview -->
